<?xml version="1.0" encoding="UTF-8"?>
<testng-results ignored="0" total="1" passed="1" failed="0" skipped="0">
  <reporter-output>
  </reporter-output>
  <suite started-at="2022-08-26T10:43:27 IST" name="Default suite" finished-at="2022-08-26T10:43:34 IST" duration-ms="7423">
    <groups>
    </groups>
    <test started-at="2022-08-26T10:43:27 IST" name="Default test" finished-at="2022-08-26T10:43:34 IST" duration-ms="7423">
      <class name="com.qa.testPage.TestHomePage">
        <test-method is-config="true" signature="setup()[pri:0, instance:com.qa.testPage.TestHomePage@1ab3a8c8]" started-at="2022-08-26T10:43:27 IST" name="setup" finished-at="2022-08-26T10:43:32 IST" duration-ms="5421" status="PASS">
          <reporter-output>
          </reporter-output>
        </test-method> <!-- setup -->
        <test-method signature="homepage()[pri:0, instance:com.qa.testPage.TestHomePage@1ab3a8c8]" started-at="2022-08-26T10:43:32 IST" name="homepage" finished-at="2022-08-26T10:43:34 IST" duration-ms="1957" status="PASS">
          <reporter-output>
          </reporter-output>
        </test-method> <!-- homepage -->
        <test-method is-config="true" signature="tearDown()[pri:0, instance:com.qa.testPage.TestHomePage@1ab3a8c8]" started-at="2022-08-26T10:43:34 IST" name="tearDown" finished-at="2022-08-26T10:43:34 IST" duration-ms="2" status="PASS">
          <reporter-output>
          </reporter-output>
        </test-method> <!-- tearDown -->
      </class> <!-- com.qa.testPage.TestHomePage -->
    </test> <!-- Default test -->
  </suite> <!-- Default suite -->
</testng-results>
