<?xml version="1.0" encoding="UTF-8"?>
<testng-results ignored="0" total="1" passed="1" failed="0" skipped="0">
  <reporter-output>
  </reporter-output>
  <suite started-at="2022-08-26T11:53:04 IST" name="Default suite" finished-at="2022-08-26T11:53:12 IST" duration-ms="8078">
    <groups>
    </groups>
    <test started-at="2022-08-26T11:53:04 IST" name="Default test" finished-at="2022-08-26T11:53:12 IST" duration-ms="8078">
      <class name="com.qa.testPage.TestRegister">
        <test-method is-config="true" signature="setup()[pri:0, instance:com.qa.testPage.TestRegister@1ab3a8c8]" started-at="2022-08-26T11:53:04 IST" name="setup" finished-at="2022-08-26T11:53:10 IST" duration-ms="6309" status="PASS">
          <reporter-output>
          </reporter-output>
        </test-method> <!-- setup -->
        <test-method signature="register()[pri:0, instance:com.qa.testPage.TestRegister@1ab3a8c8]" started-at="2022-08-26T11:53:10 IST" name="register" finished-at="2022-08-26T11:53:12 IST" duration-ms="1727" status="PASS">
          <reporter-output>
          </reporter-output>
        </test-method> <!-- register -->
        <test-method is-config="true" signature="tearDown()[pri:0, instance:com.qa.testPage.TestRegister@1ab3a8c8]" started-at="2022-08-26T11:53:12 IST" name="tearDown" finished-at="2022-08-26T11:53:12 IST" duration-ms="0" status="PASS">
          <reporter-output>
          </reporter-output>
        </test-method> <!-- tearDown -->
      </class> <!-- com.qa.testPage.TestRegister -->
    </test> <!-- Default test -->
  </suite> <!-- Default suite -->
</testng-results>
